/!\ WARNING /!\

You have security/openssl installed but do not have
DEFAULT_VERSIONS+=ssl=openssl set in your make.conf

===>   NOTICE:

The zen-browser port currently does not have a maintainer. As a result, it is
more likely to have unresolved issues, not be up-to-date, or even be removed in
the future. To volunteer to maintain this port, please create an issue at:

https://bugs.freebsd.org/bugzilla

More information about port maintainership is available at:

https://docs.freebsd.org/en/articles/contributing/#ports-contributing

===>  License MPL20 accepted by the user
===>   zen-browser-1.17.12.b depends on file: /usr/local/sbin/pkg - found
===> Fetching all distfiles required by zen-browser-1.17.12.b for building
===>  Extracting for zen-browser-1.17.12.b
=> SHA256 Checksum OK for zen.source.tar.zst.
===>  Patching for zen-browser-1.17.12.b
===>  Applying FreeBSD patches for zen-browser-1.17.12.b from /home/berke/workdir/www/zen-browser/files
patch: **** malformed patch at line 27:      return ::name(ARGS_HELPER(ARGS, ##__VA_ARGS__));                       \
===>  FAILED Applying FreeBSD patch-memory_build_Fallback.cpp
===> Cleanly applied FreeBSD patch(es)  patch-dom_media_webrtc_libwebrtc_overrides_moz.build patch-dom_media_webrtc_third_party_build_webrtc.mozbuild patch-libwebrtc-powerpc64 patch-media_libcubeb_src_cubeb_alsa.c
===> FAILED to apply cleanly FreeBSD patch(es)  patch-memory_build_Fallback.cpp
*** Error code 1

Stop.
make: stopped making "all" in /home/berke/workdir/www/zen-browser
